Aug 09, 2020 11:16:19 AM com.FolderParser main
INFO: program started to execute
Aug 09, 2020 11:16:19 AM com.IteratorforLogFilesinFolder <init>
INFO: Class IteratorforLogFilesinFolder instance is constructed
Aug 09, 2020 11:16:25 AM com.FolderParser main
INFO: D:\\Doc is provided by user to check and calling Filelist method to retrieve files in directory
Aug 09, 2020 11:16:25 AM com.FolderParser main
INFO: File lists
Aug 09, 2020 11:16:25 AM com.IteratorforLogFilesinFolder listLogFiles
INFO: Provided folder name is D:\\Doc  Provided file format to retrive is .log
Aug 09, 2020 11:16:25 AM com.IteratorforLogFilesinFolder$1 accept
INFO: iterated file is dcondemandrequest -1.log
Aug 09, 2020 11:16:25 AM com.IteratorforLogFilesinFolder$1 accept
INFO: iterated file is Inner folder
Aug 09, 2020 11:16:25 AM com.IteratorforLogFilesinFolder listLogFiles
INFO: Provided folder name is D:\Doc\Inner folder  Provided file format to retrive is .log
Aug 09, 2020 11:16:25 AM com.IteratorforLogFilesinFolder$1 accept
INFO: iterated file is dcondemandrequest.log
Aug 09, 2020 11:16:25 AM com.IteratorforLogFilesinFolder listLogFiles
INFO: Returning from IteratorforLogFilesinFolder class
Aug 09, 2020 11:16:25 AM com.IteratorforLogFilesinFolder listLogFiles
INFO: Returning from IteratorforLogFilesinFolder class
Aug 09, 2020 11:16:25 AM com.FolderParser main
INFO: Files in subdiretory retrieved
Aug 09, 2020 11:16:25 AM com.FolderParser main
INFO: Output is written to fileoutput.json
Aug 09, 2020 11:16:25 AM com.FolderParser main
INFO: Program execution completed
